  [1m[35m (1.2ms)[0m  [1m[35mCREATE TABLE "schema_migrations" ("version" varchar NOT NULL PRIMARY KEY)[0m
  [1m[35m (1.4ms)[0m  [1m[35mCREATE TABLE "ar_internal_metadata" ("key" varchar NOT NULL PRIMARY KEY, "value" varchar, "created_at" datetime(6) NOT NULL, "updated_at" datetime(6) NOT NULL)[0m
  [1m[36mActiveRecord::SchemaMigration Pluck (0.2ms)[0m  [1m[34mSELECT "schema_migrations"."version" FROM "schema_migrations" ORDER BY "schema_migrations"."version" ASC[0m
Migrating to CreateArticles (20230706074857)
  [1m[36mTRANSACTION (0.1ms)[0m  [1m[36mbegin transaction[0m
  [1m[35m (0.7ms)[0m  [1m[35mCREATE TABLE "articles" ("id" integer PRIMARY KEY AUTOINCREMENT NOT NULL, "title" varchar, "description" text, "created_at" datetime(6) NOT NULL, "updated_at" datetime(6) NOT NULL)[0m
  [1m[36mActiveRecord::SchemaMigration Create (0.2ms)[0m  [1m[32mINSERT INTO "schema_migrations" ("version") VALUES (?)[0m  [["version", "20230706074857"]]
  [1m[36mTRANSACTION (1.0ms)[0m  [1m[36mcommit transaction[0m
  [1m[36mActiveRecord::InternalMetadata Load (0.2ms)[0m  [1m[34mSELECT "ar_internal_metadata".* FROM "ar_internal_metadata" WHERE "ar_internal_metadata"."key" = ? LIMIT ?[0m  [["key", "environment"], ["LIMIT", 1]]
  [1m[36mTRANSACTION (0.1ms)[0m  [1m[36mbegin transaction[0m
  [1m[36mActiveRecord::InternalMetadata Create (0.4ms)[0m  [1m[32mINSERT INTO "ar_internal_metadata" ("key", "value", "created_at", "updated_at") VALUES (?, ?, ?, ?)[0m  [["key", "environment"], ["value", "development"], ["created_at", "2023-07-06 07:51:16.052594"], ["updated_at", "2023-07-06 07:51:16.052594"]]
  [1m[36mTRANSACTION (0.7ms)[0m  [1m[36mcommit transaction[0m
  [1m[36mActiveRecord::SchemaMigration Pluck (0.1ms)[0m  [1m[34mSELECT "schema_migrations"."version" FROM "schema_migrations" ORDER BY "schema_migrations"."version" ASC[0m
Started GET "/articles" for ::1 at 2023-07-06 10:54:01 +0300
  [1m[36mActiveRecord::SchemaMigration Pluck (0.5ms)[0m  [1m[34mSELECT "schema_migrations"."version" FROM "schema_migrations" ORDER BY "schema_migrations"."version" ASC[0m
Processing by ArticlesController#index as HTML
  Rendering layout layouts/application.html.erb
  Rendering articles/index.html.erb within layouts/application
  [1m[36mArticle Load (0.2ms)[0m  [1m[34mSELECT "articles".* FROM "articles"[0m
  ↳ app/views/articles/index.html.erb:6
  Rendered articles/index.html.erb within layouts/application (Duration: 7.5ms | Allocations: 1694)
  Rendered layout layouts/application.html.erb (Duration: 308.8ms | Allocations: 89430)
Completed 200 OK in 343ms (Views: 317.4ms | ActiveRecord: 0.2ms | Allocations: 97069)


Started GET "/" for ::1 at 2023-07-06 10:54:05 +0300
Processing by Rails::WelcomeController#index as HTML
  Rendering /Users/raduposa/.rvm/gems/ruby-3.2.2/gems/railties-7.0.6/lib/rails/templates/rails/welcome/index.html.erb
  Rendered /Users/raduposa/.rvm/gems/ruby-3.2.2/gems/railties-7.0.6/lib/rails/templates/rails/welcome/index.html.erb (Duration: 0.7ms | Allocations: 286)
Completed 200 OK in 3ms (Views: 1.5ms | ActiveRecord: 0.0ms | Allocations: 997)


Started GET "/articles/new" for ::1 at 2023-07-06 10:54:10 +0300
Processing by ArticlesController#new as HTML
  Rendering layout layouts/application.html.erb
  Rendering articles/new.html.erb within layouts/application
  Rendered articles/_form.html.erb (Duration: 7.3ms | Allocations: 2946)
  Rendered articles/new.html.erb within layouts/application (Duration: 8.3ms | Allocations: 3278)
  Rendered layout layouts/application.html.erb (Duration: 11.7ms | Allocations: 5654)
Completed 200 OK in 23ms (Views: 14.1ms | ActiveRecord: 0.6ms | Allocations: 10719)


Started GET "/articles" for ::1 at 2023-07-06 10:54:14 +0300
Processing by ArticlesController#index as HTML
  Rendering layout layouts/application.html.erb
  Rendering articles/index.html.erb within layouts/application
  [1m[36mArticle Load (0.1ms)[0m  [1m[34mSELECT "articles".* FROM "articles"[0m
  ↳ app/views/articles/index.html.erb:6
  Rendered articles/index.html.erb within layouts/application (Duration: 2.2ms | Allocations: 1033)
  Rendered layout layouts/application.html.erb (Duration: 5.9ms | Allocations: 3155)
Completed 200 OK in 7ms (Views: 6.2ms | ActiveRecord: 0.1ms | Allocations: 3509)


Started GET "/articles/new" for ::1 at 2023-07-06 10:54:35 +0300
Processing by ArticlesController#new as HTML
  Rendering layout layouts/application.html.erb
  Rendering articles/new.html.erb within layouts/application
  Rendered articles/_form.html.erb (Duration: 1.2ms | Allocations: 995)
  Rendered articles/new.html.erb within layouts/application (Duration: 1.5ms | Allocations: 1084)
  Rendered layout layouts/application.html.erb (Duration: 5.3ms | Allocations: 3199)
Completed 200 OK in 6ms (Views: 5.7ms | ActiveRecord: 0.0ms | Allocations: 3478)


Started GET "/articles" for ::1 at 2023-07-06 10:54:37 +0300
Processing by ArticlesController#index as HTML
  Rendering layout layouts/application.html.erb
  Rendering articles/index.html.erb within layouts/application
  [1m[36mArticle Load (0.1ms)[0m  [1m[34mSELECT "articles".* FROM "articles"[0m
  ↳ app/views/articles/index.html.erb:6
  Rendered articles/index.html.erb within layouts/application (Duration: 2.0ms | Allocations: 801)
  Rendered layout layouts/application.html.erb (Duration: 4.8ms | Allocations: 2907)
Completed 200 OK in 6ms (Views: 5.1ms | ActiveRecord: 0.1ms | Allocations: 3185)


Started GET "/articles/new" for ::1 at 2023-07-06 10:56:02 +0300
Processing by ArticlesController#new as HTML
  Rendering layout layouts/application.html.erb
  Rendering articles/new.html.erb within layouts/application
  Rendered articles/_form.html.erb (Duration: 1.4ms | Allocations: 988)
  Rendered articles/new.html.erb within layouts/application (Duration: 2.2ms | Allocations: 1077)
  Rendered layout layouts/application.html.erb (Duration: 5.1ms | Allocations: 3183)
Completed 200 OK in 6ms (Views: 5.5ms | ActiveRecord: 0.0ms | Allocations: 3457)


Started GET "/articles" for ::1 at 2023-07-06 10:56:12 +0300
Processing by ArticlesController#index as HTML
  Rendering layout layouts/application.html.erb
  Rendering articles/index.html.erb within layouts/application
  [1m[36mArticle Load (0.1ms)[0m  [1m[34mSELECT "articles".* FROM "articles"[0m
  ↳ app/views/articles/index.html.erb:6
  Rendered articles/index.html.erb within layouts/application (Duration: 1.6ms | Allocations: 805)
  Rendered layout layouts/application.html.erb (Duration: 4.9ms | Allocations: 2910)
Completed 200 OK in 6ms (Views: 5.2ms | ActiveRecord: 0.1ms | Allocations: 3181)


Started GET "/articles/new" for ::1 at 2023-07-06 10:56:16 +0300
Processing by ArticlesController#new as HTML
  Rendering layout layouts/application.html.erb
  Rendering articles/new.html.erb within layouts/application
  Rendered articles/_form.html.erb (Duration: 2.3ms | Allocations: 1006)
  Rendered articles/new.html.erb within layouts/application (Duration: 2.7ms | Allocations: 1095)
  Rendered layout layouts/application.html.erb (Duration: 6.0ms | Allocations: 3200)
Completed 200 OK in 7ms (Views: 6.5ms | ActiveRecord: 0.0ms | Allocations: 3473)


Started POST "/articles" for ::1 at 2023-07-06 10:56:34 +0300
Processing by ArticlesController#create as TURBO_STREAM
  Parameters: {"authenticity_token"=>"[FILTERED]", "article"=>{"title"=>"Hello Rails", "description"=>"First Article"}, "commit"=>"Create Article"}
  [1m[36mTRANSACTION (0.1ms)[0m  [1m[36mbegin transaction[0m
  ↳ app/controllers/articles_controller.rb:27:in `block in create'
  [1m[36mArticle Create (0.6ms)[0m  [1m[32mINSERT INTO "articles" ("title", "description", "created_at", "updated_at") VALUES (?, ?, ?, ?)[0m  [["title", "Hello Rails"], ["description", "First Article"], ["created_at", "2023-07-06 07:56:34.977592"], ["updated_at", "2023-07-06 07:56:34.977592"]]
  ↳ app/controllers/articles_controller.rb:27:in `block in create'
  [1m[36mTRANSACTION (0.9ms)[0m  [1m[36mcommit transaction[0m
  ↳ app/controllers/articles_controller.rb:27:in `block in create'
Redirected to http://localhost:3000/articles/1
Completed 302 Found in 7ms (ActiveRecord: 1.5ms | Allocations: 3620)


Started GET "/articles/1" for ::1 at 2023-07-06 10:56:34 +0300
Processing by ArticlesController#show as TURBO_STREAM
  Parameters: {"id"=>"1"}
  [1m[36mArticle Load (0.2ms)[0m  [1m[34mSELECT "articles".* FROM "articles" WHERE "articles"."id" = ? LIMIT ?[0m  [["id", 1], ["LIMIT", 1]]
  ↳ app/controllers/articles_controller.rb:63:in `set_article'
  Rendering layout layouts/application.html.erb
  Rendering articles/show.html.erb within layouts/application
  Rendered articles/_article.html.erb (Duration: 0.5ms | Allocations: 194)
  Rendered articles/show.html.erb within layouts/application (Duration: 4.1ms | Allocations: 1415)
  Rendered layout layouts/application.html.erb (Duration: 7.5ms | Allocations: 3512)
Completed 200 OK in 12ms (Views: 7.9ms | ActiveRecord: 0.2ms | Allocations: 6131)


Started GET "/articles/1/edit" for ::1 at 2023-07-06 10:56:54 +0300
Processing by ArticlesController#edit as HTML
  Parameters: {"id"=>"1"}
  [1m[36mArticle Load (0.1ms)[0m  [1m[34mSELECT "articles".* FROM "articles" WHERE "articles"."id" = ? LIMIT ?[0m  [["id", 1], ["LIMIT", 1]]
  ↳ app/controllers/articles_controller.rb:63:in `set_article'
  Rendering layout layouts/application.html.erb
  Rendering articles/edit.html.erb within layouts/application
  Rendered articles/_form.html.erb (Duration: 1.4ms | Allocations: 1106)
  Rendered articles/edit.html.erb within layouts/application (Duration: 2.1ms | Allocations: 1394)
  Rendered layout layouts/application.html.erb (Duration: 4.8ms | Allocations: 3491)
Completed 200 OK in 7ms (Views: 5.2ms | ActiveRecord: 0.1ms | Allocations: 4300)


Started PATCH "/articles/1" for ::1 at 2023-07-06 10:57:01 +0300
Processing by ArticlesController#update as TURBO_STREAM
  Parameters: {"authenticity_token"=>"[FILTERED]", "article"=>{"title"=>"Hello Rails", "description"=>"First Article-edited"}, "commit"=>"Update Article", "id"=>"1"}
  [1m[36mArticle Load (0.1ms)[0m  [1m[34mSELECT "articles".* FROM "articles" WHERE "articles"."id" = ? LIMIT ?[0m  [["id", 1], ["LIMIT", 1]]
  ↳ app/controllers/articles_controller.rb:63:in `set_article'
  [1m[36mTRANSACTION (0.1ms)[0m  [1m[36mbegin transaction[0m
  ↳ app/controllers/articles_controller.rb:40:in `block in update'
  [1m[36mArticle Update (0.4ms)[0m  [1m[33mUPDATE "articles" SET "description" = ?, "updated_at" = ? WHERE "articles"."id" = ?[0m  [["description", "First Article-edited"], ["updated_at", "2023-07-06 07:57:01.410799"], ["id", 1]]
  ↳ app/controllers/articles_controller.rb:40:in `block in update'
  [1m[36mTRANSACTION (0.8ms)[0m  [1m[36mcommit transaction[0m
  ↳ app/controllers/articles_controller.rb:40:in `block in update'
Redirected to http://localhost:3000/articles/1
Completed 302 Found in 7ms (ActiveRecord: 1.4ms | Allocations: 3037)


Started GET "/articles/1" for ::1 at 2023-07-06 10:57:01 +0300
Processing by ArticlesController#show as TURBO_STREAM
  Parameters: {"id"=>"1"}
  [1m[36mArticle Load (0.1ms)[0m  [1m[34mSELECT "articles".* FROM "articles" WHERE "articles"."id" = ? LIMIT ?[0m  [["id", 1], ["LIMIT", 1]]
  ↳ app/controllers/articles_controller.rb:63:in `set_article'
  Rendering layout layouts/application.html.erb
  Rendering articles/show.html.erb within layouts/application
  Rendered articles/_article.html.erb (Duration: 0.1ms | Allocations: 20)
  Rendered articles/show.html.erb within layouts/application (Duration: 1.1ms | Allocations: 638)
  Rendered layout layouts/application.html.erb (Duration: 4.1ms | Allocations: 2735)
Completed 200 OK in 6ms (Views: 4.5ms | ActiveRecord: 0.1ms | Allocations: 3481)


Started GET "/articles" for ::1 at 2023-07-06 10:57:03 +0300
Processing by ArticlesController#index as HTML
  Rendering layout layouts/application.html.erb
  Rendering articles/index.html.erb within layouts/application
  [1m[36mArticle Load (0.1ms)[0m  [1m[34mSELECT "articles".* FROM "articles"[0m
  ↳ app/views/articles/index.html.erb:6
  Rendered articles/_article.html.erb (Duration: 0.1ms | Allocations: 20)
  Rendered articles/index.html.erb within layouts/application (Duration: 1.6ms | Allocations: 958)
  Rendered layout layouts/application.html.erb (Duration: 4.3ms | Allocations: 3063)
Completed 200 OK in 5ms (Views: 4.6ms | ActiveRecord: 0.1ms | Allocations: 3334)


Started GET "/articles/1" for ::1 at 2023-07-06 10:57:05 +0300
Processing by ArticlesController#show as HTML
  Parameters: {"id"=>"1"}
  [1m[36mArticle Load (0.1ms)[0m  [1m[34mSELECT "articles".* FROM "articles" WHERE "articles"."id" = ? LIMIT ?[0m  [["id", 1], ["LIMIT", 1]]
  ↳ app/controllers/articles_controller.rb:63:in `set_article'
  Rendering layout layouts/application.html.erb
  Rendering articles/show.html.erb within layouts/application
  Rendered articles/_article.html.erb (Duration: 0.1ms | Allocations: 20)
  Rendered articles/show.html.erb within layouts/application (Duration: 1.1ms | Allocations: 630)
  Rendered layout layouts/application.html.erb (Duration: 4.5ms | Allocations: 2727)
Completed 200 OK in 7ms (Views: 5.1ms | ActiveRecord: 0.1ms | Allocations: 3476)


Started DELETE "/articles/1" for ::1 at 2023-07-06 10:57:08 +0300
Processing by ArticlesController#destroy as TURBO_STREAM
  Parameters: {"authenticity_token"=>"[FILTERED]", "id"=>"1"}
  [1m[36mArticle Load (0.1ms)[0m  [1m[34mSELECT "articles".* FROM "articles" WHERE "articles"."id" = ? LIMIT ?[0m  [["id", 1], ["LIMIT", 1]]
  ↳ app/controllers/articles_controller.rb:63:in `set_article'
  [1m[36mTRANSACTION (0.1ms)[0m  [1m[36mbegin transaction[0m
  ↳ app/controllers/articles_controller.rb:52:in `destroy'
  [1m[36mArticle Destroy (0.4ms)[0m  [1m[31mDELETE FROM "articles" WHERE "articles"."id" = ?[0m  [["id", 1]]
  ↳ app/controllers/articles_controller.rb:52:in `destroy'
  [1m[36mTRANSACTION (1.5ms)[0m  [1m[36mcommit transaction[0m
  ↳ app/controllers/articles_controller.rb:52:in `destroy'
Redirected to http://localhost:3000/articles
Completed 302 Found in 7ms (ActiveRecord: 2.0ms | Allocations: 2537)


Started GET "/articles" for ::1 at 2023-07-06 10:57:08 +0300
Processing by ArticlesController#index as TURBO_STREAM
  Rendering layout layouts/application.html.erb
  Rendering articles/index.html.erb within layouts/application
  [1m[36mArticle Load (0.1ms)[0m  [1m[34mSELECT "articles".* FROM "articles"[0m
  ↳ app/views/articles/index.html.erb:6
  Rendered articles/index.html.erb within layouts/application (Duration: 1.3ms | Allocations: 826)
  Rendered layout layouts/application.html.erb (Duration: 4.5ms | Allocations: 2947)
Completed 200 OK in 5ms (Views: 4.7ms | ActiveRecord: 0.1ms | Allocations: 3223)


Started GET "/articles/new" for ::1 at 2023-07-06 10:57:15 +0300
Processing by ArticlesController#new as HTML
  Rendering layout layouts/application.html.erb
  Rendering articles/new.html.erb within layouts/application
  Rendered articles/_form.html.erb (Duration: 1.8ms | Allocations: 1006)
  Rendered articles/new.html.erb within layouts/application (Duration: 2.1ms | Allocations: 1095)
  Rendered layout layouts/application.html.erb (Duration: 5.4ms | Allocations: 3209)
Completed 200 OK in 6ms (Views: 5.9ms | ActiveRecord: 0.0ms | Allocations: 3482)


Started POST "/articles" for ::1 at 2023-07-06 10:57:31 +0300
Processing by ArticlesController#create as TURBO_STREAM
  Parameters: {"authenticity_token"=>"[FILTERED]", "article"=>{"title"=>"Hello Rails", "description"=>"First edited article"}, "commit"=>"Create Article"}
  [1m[36mTRANSACTION (0.1ms)[0m  [1m[36mbegin transaction[0m
  ↳ app/controllers/articles_controller.rb:27:in `block in create'
  [1m[36mArticle Create (0.3ms)[0m  [1m[32mINSERT INTO "articles" ("title", "description", "created_at", "updated_at") VALUES (?, ?, ?, ?)[0m  [["title", "Hello Rails"], ["description", "First edited article"], ["created_at", "2023-07-06 07:57:31.989415"], ["updated_at", "2023-07-06 07:57:31.989415"]]
  ↳ app/controllers/articles_controller.rb:27:in `block in create'
  [1m[36mTRANSACTION (0.8ms)[0m  [1m[36mcommit transaction[0m
  ↳ app/controllers/articles_controller.rb:27:in `block in create'
Redirected to http://localhost:3000/articles/2
Completed 302 Found in 5ms (ActiveRecord: 1.2ms | Allocations: 2276)


Started GET "/articles/2" for ::1 at 2023-07-06 10:57:31 +0300
Processing by ArticlesController#show as TURBO_STREAM
  Parameters: {"id"=>"2"}
  [1m[36mArticle Load (0.1ms)[0m  [1m[34mSELECT "articles".* FROM "articles" WHERE "articles"."id" = ? LIMIT ?[0m  [["id", 2], ["LIMIT", 1]]
  ↳ app/controllers/articles_controller.rb:63:in `set_article'
  Rendering layout layouts/application.html.erb
  Rendering articles/show.html.erb within layouts/application
  Rendered articles/_article.html.erb (Duration: 0.1ms | Allocations: 20)
  Rendered articles/show.html.erb within layouts/application (Duration: 1.0ms | Allocations: 650)
  Rendered layout layouts/application.html.erb (Duration: 4.0ms | Allocations: 2748)
Completed 200 OK in 6ms (Views: 4.4ms | ActiveRecord: 0.1ms | Allocations: 3496)


Started GET "/articles" for ::1 at 2023-07-06 10:57:48 +0300
Processing by ArticlesController#index as HTML
  Rendering layout layouts/application.html.erb
  Rendering articles/index.html.erb within layouts/application
  [1m[36mArticle Load (0.1ms)[0m  [1m[34mSELECT "articles".* FROM "articles"[0m
  ↳ app/views/articles/index.html.erb:6
  Rendered articles/_article.html.erb (Duration: 0.1ms | Allocations: 20)
  Rendered articles/index.html.erb within layouts/application (Duration: 1.8ms | Allocations: 939)
  Rendered layout layouts/application.html.erb (Duration: 4.8ms | Allocations: 3044)
Completed 200 OK in 6ms (Views: 5.0ms | ActiveRecord: 0.1ms | Allocations: 3313)


Started GET "/articles" for ::1 at 2023-07-06 10:57:48 +0300
Processing by ArticlesController#index as HTML
  Rendering layout layouts/application.html.erb
  Rendering articles/index.html.erb within layouts/application
  [1m[36mArticle Load (0.1ms)[0m  [1m[34mSELECT "articles".* FROM "articles"[0m
  ↳ app/views/articles/index.html.erb:6
  Rendered articles/_article.html.erb (Duration: 0.1ms | Allocations: 20)
  Rendered articles/index.html.erb within layouts/application (Duration: 1.8ms | Allocations: 951)
  Rendered layout layouts/application.html.erb (Duration: 5.7ms | Allocations: 3056)
Completed 200 OK in 7ms (Views: 6.0ms | ActiveRecord: 0.1ms | Allocations: 3325)


Started GET "/articles/2" for ::1 at 2023-07-06 10:57:52 +0300
Processing by ArticlesController#show as HTML
  Parameters: {"id"=>"2"}
  [1m[36mArticle Load (0.1ms)[0m  [1m[34mSELECT "articles".* FROM "articles" WHERE "articles"."id" = ? LIMIT ?[0m  [["id", 2], ["LIMIT", 1]]
  ↳ app/controllers/articles_controller.rb:63:in `set_article'
  Rendering layout layouts/application.html.erb
  Rendering articles/show.html.erb within layouts/application
  Rendered articles/_article.html.erb (Duration: 0.1ms | Allocations: 20)
  Rendered articles/show.html.erb within layouts/application (Duration: 0.9ms | Allocations: 606)
  Rendered layout layouts/application.html.erb (Duration: 3.8ms | Allocations: 2703)
Completed 200 OK in 6ms (Views: 4.3ms | ActiveRecord: 0.1ms | Allocations: 3446)


Started GET "/articles" for ::1 at 2023-07-06 10:58:12 +0300
Processing by ArticlesController#index as HTML
  Rendering layout layouts/application.html.erb
  Rendering articles/index.html.erb within layouts/application
  [1m[36mArticle Load (0.1ms)[0m  [1m[34mSELECT "articles".* FROM "articles"[0m
  ↳ app/views/articles/index.html.erb:6
  Rendered articles/_article.html.erb (Duration: 0.1ms | Allocations: 20)
  Rendered articles/index.html.erb within layouts/application (Duration: 2.3ms | Allocations: 949)
  Rendered layout layouts/application.html.erb (Duration: 5.2ms | Allocations: 3054)
Completed 200 OK in 6ms (Views: 5.6ms | ActiveRecord: 0.1ms | Allocations: 3325)


Started GET "/articles/new" for ::1 at 2023-07-06 10:58:13 +0300
Processing by ArticlesController#new as HTML
  Rendering layout layouts/application.html.erb
  Rendering articles/new.html.erb within layouts/application
  Rendered articles/_form.html.erb (Duration: 1.3ms | Allocations: 998)
  Rendered articles/new.html.erb within layouts/application (Duration: 1.6ms | Allocations: 1087)
  Rendered layout layouts/application.html.erb (Duration: 4.9ms | Allocations: 3192)
Completed 200 OK in 6ms (Views: 5.2ms | ActiveRecord: 0.0ms | Allocations: 3465)


Started POST "/articles" for ::1 at 2023-07-06 10:58:23 +0300
Processing by ArticlesController#create as TURBO_STREAM
  Parameters: {"authenticity_token"=>"[FILTERED]", "article"=>{"title"=>"Hello Rails", "description"=>"Second Article"}, "commit"=>"Create Article"}
  [1m[36mTRANSACTION (0.1ms)[0m  [1m[36mbegin transaction[0m
  ↳ app/controllers/articles_controller.rb:27:in `block in create'
  [1m[36mArticle Create (0.5ms)[0m  [1m[32mINSERT INTO "articles" ("title", "description", "created_at", "updated_at") VALUES (?, ?, ?, ?)[0m  [["title", "Hello Rails"], ["description", "Second Article"], ["created_at", "2023-07-06 07:58:23.168029"], ["updated_at", "2023-07-06 07:58:23.168029"]]
  ↳ app/controllers/articles_controller.rb:27:in `block in create'
  [1m[36mTRANSACTION (0.8ms)[0m  [1m[36mcommit transaction[0m
  ↳ app/controllers/articles_controller.rb:27:in `block in create'
Redirected to http://localhost:3000/articles/3
Completed 302 Found in 5ms (ActiveRecord: 1.3ms | Allocations: 2282)


Started GET "/articles/3" for ::1 at 2023-07-06 10:58:23 +0300
Processing by ArticlesController#show as TURBO_STREAM
  Parameters: {"id"=>"3"}
  [1m[36mArticle Load (0.1ms)[0m  [1m[34mSELECT "articles".* FROM "articles" WHERE "articles"."id" = ? LIMIT ?[0m  [["id", 3], ["LIMIT", 1]]
  ↳ app/controllers/articles_controller.rb:63:in `set_article'
  Rendering layout layouts/application.html.erb
  Rendering articles/show.html.erb within layouts/application
  Rendered articles/_article.html.erb (Duration: 0.1ms | Allocations: 19)
  Rendered articles/show.html.erb within layouts/application (Duration: 1.0ms | Allocations: 653)
  Rendered layout layouts/application.html.erb (Duration: 3.6ms | Allocations: 2750)
Completed 200 OK in 6ms (Views: 4.0ms | ActiveRecord: 0.1ms | Allocations: 3496)


Started GET "/articles" for ::1 at 2023-07-06 10:58:24 +0300
Processing by ArticlesController#index as HTML
  Rendering layout layouts/application.html.erb
  Rendering articles/index.html.erb within layouts/application
  [1m[36mArticle Load (0.1ms)[0m  [1m[34mSELECT "articles".* FROM "articles"[0m
  ↳ app/views/articles/index.html.erb:6
  Rendered articles/_article.html.erb (Duration: 0.1ms | Allocations: 20)
  Rendered articles/_article.html.erb (Duration: 0.0ms | Allocations: 18)
  Rendered articles/index.html.erb within layouts/application (Duration: 1.8ms | Allocations: 1073)
  Rendered layout layouts/application.html.erb (Duration: 4.5ms | Allocations: 3178)
Completed 200 OK in 6ms (Views: 4.8ms | ActiveRecord: 0.1ms | Allocations: 3449)


Started GET "/articles" for ::1 at 2023-07-06 11:00:29 +0300
Processing by ArticlesController#index as HTML
  Rendering layout layouts/application.html.erb
  Rendering articles/index.html.erb within layouts/application
  [1m[36mArticle Load (0.1ms)[0m  [1m[34mSELECT "articles".* FROM "articles"[0m
  ↳ app/views/articles/index.html.erb:6
  Rendered articles/_article.html.erb (Duration: 0.1ms | Allocations: 20)
  Rendered articles/_article.html.erb (Duration: 0.0ms | Allocations: 18)
  Rendered articles/index.html.erb within layouts/application (Duration: 1.6ms | Allocations: 1078)
  Rendered layout layouts/application.html.erb (Duration: 4.7ms | Allocations: 3199)
Completed 200 OK in 7ms (Views: 6.8ms | ActiveRecord: 0.1ms | Allocations: 3469)


Started GET "/articles/24" for ::1 at 2023-07-06 11:03:32 +0300
  [1m[36mActiveRecord::SchemaMigration Pluck (0.1ms)[0m  [1m[34mSELECT "schema_migrations"."version" FROM "schema_migrations" ORDER BY "schema_migrations"."version" ASC[0m
Processing by ArticlesController#show as HTML
  Parameters: {"id"=>"24"}
  [1m[36mArticle Load (0.1ms)[0m  [1m[34mSELECT "articles".* FROM "articles" WHERE "articles"."id" = ? LIMIT ?[0m  [["id", 24], ["LIMIT", 1]]
  ↳ app/controllers/articles_controller.rb:63:in `set_article'
Completed 404 Not Found in 52ms (ActiveRecord: 31.1ms | Allocations: 5225)


  
ActiveRecord::RecordNotFound (Couldn't find Article with 'id'=24):
  
app/controllers/articles_controller.rb:63:in `set_article'
Started GET "/articles" for ::1 at 2023-07-06 11:03:45 +0300
Processing by ArticlesController#index as HTML
  Rendering layout layouts/application.html.erb
  Rendering articles/index.html.erb within layouts/application
  [1m[36mArticle Load (0.2ms)[0m  [1m[34mSELECT "articles".* FROM "articles"[0m
  ↳ app/views/articles/index.html.erb:6
  Rendered articles/_article.html.erb (Duration: 0.4ms | Allocations: 215)
  Rendered articles/_article.html.erb (Duration: 0.0ms | Allocations: 18)
  Rendered articles/index.html.erb within layouts/application (Duration: 9.6ms | Allocations: 5558)
  Rendered layout layouts/application.html.erb (Duration: 87.6ms | Allocations: 38722)
Completed 200 OK in 91ms (Views: 89.7ms | ActiveRecord: 0.2ms | Allocations: 39761)


Started GET "/articles" for ::1 at 2023-07-06 11:03:45 +0300
Processing by ArticlesController#index as HTML
  Rendering layout layouts/application.html.erb
  Rendering articles/index.html.erb within layouts/application
  [1m[36mArticle Load (0.1ms)[0m  [1m[34mSELECT "articles".* FROM "articles"[0m
  ↳ app/views/articles/index.html.erb:6
  Rendered articles/_article.html.erb (Duration: 0.1ms | Allocations: 20)
  Rendered articles/_article.html.erb (Duration: 0.0ms | Allocations: 18)
  Rendered articles/index.html.erb within layouts/application (Duration: 1.8ms | Allocations: 1070)
  Rendered layout layouts/application.html.erb (Duration: 4.6ms | Allocations: 3175)
Completed 200 OK in 6ms (Views: 5.0ms | ActiveRecord: 0.1ms | Allocations: 3444)


Started GET "/articles/3" for ::1 at 2023-07-06 11:03:50 +0300
Processing by ArticlesController#show as HTML
  Parameters: {"id"=>"3"}
  [1m[36mArticle Load (0.1ms)[0m  [1m[34mSELECT "articles".* FROM "articles" WHERE "articles"."id" = ? LIMIT ?[0m  [["id", 3], ["LIMIT", 1]]
  ↳ app/controllers/articles_controller.rb:63:in `set_article'
  Rendering layout layouts/application.html.erb
  Rendering articles/show.html.erb within layouts/application
  Rendered articles/_article.html.erb (Duration: 0.1ms | Allocations: 19)
  Rendered articles/show.html.erb within layouts/application (Duration: 1.4ms | Allocations: 854)
  Rendered layout layouts/application.html.erb (Duration: 4.5ms | Allocations: 2952)
Completed 200 OK in 7ms (Views: 5.0ms | ActiveRecord: 0.1ms | Allocations: 3790)


Started DELETE "/articles/3" for ::1 at 2023-07-06 11:03:52 +0300
Processing by ArticlesController#destroy as TURBO_STREAM
  Parameters: {"authenticity_token"=>"[FILTERED]", "id"=>"3"}
  [1m[36mArticle Load (0.1ms)[0m  [1m[34mSELECT "articles".* FROM "articles" WHERE "articles"."id" = ? LIMIT ?[0m  [["id", 3], ["LIMIT", 1]]
  ↳ app/controllers/articles_controller.rb:63:in `set_article'
  [1m[36mTRANSACTION (0.1ms)[0m  [1m[36mbegin transaction[0m
  ↳ app/controllers/articles_controller.rb:52:in `destroy'
  [1m[36mArticle Destroy (0.5ms)[0m  [1m[31mDELETE FROM "articles" WHERE "articles"."id" = ?[0m  [["id", 3]]
  ↳ app/controllers/articles_controller.rb:52:in `destroy'
  [1m[36mTRANSACTION (0.9ms)[0m  [1m[36mcommit transaction[0m
  ↳ app/controllers/articles_controller.rb:52:in `destroy'
Redirected to http://localhost:3000/articles
Completed 302 Found in 6ms (ActiveRecord: 1.5ms | Allocations: 2859)


Started GET "/articles" for ::1 at 2023-07-06 11:03:52 +0300
Processing by ArticlesController#index as TURBO_STREAM
  Rendering layout layouts/application.html.erb
  Rendering articles/index.html.erb within layouts/application
  [1m[36mArticle Load (0.1ms)[0m  [1m[34mSELECT "articles".* FROM "articles"[0m
  ↳ app/views/articles/index.html.erb:6
  Rendered articles/_article.html.erb (Duration: 0.1ms | Allocations: 20)
  Rendered articles/index.html.erb within layouts/application (Duration: 1.6ms | Allocations: 1020)
  Rendered layout layouts/application.html.erb (Duration: 4.2ms | Allocations: 3126)
Completed 200 OK in 5ms (Views: 4.5ms | ActiveRecord: 0.1ms | Allocations: 3448)


Started GET "/articles" for ::1 at 2023-07-06 11:05:34 +0300
Processing by ArticlesController#index as HTML
  Rendering layout layouts/application.html.erb
  Rendering articles/index.html.erb within layouts/application
  [1m[36mArticle Load (0.1ms)[0m  [1m[34mSELECT "articles".* FROM "articles"[0m
  ↳ app/views/articles/index.html.erb:6
  Rendered articles/_article.html.erb (Duration: 0.1ms | Allocations: 20)
  Rendered articles/index.html.erb within layouts/application (Duration: 1.5ms | Allocations: 968)
  Rendered layout layouts/application.html.erb (Duration: 4.5ms | Allocations: 3074)
Completed 200 OK in 5ms (Views: 4.8ms | ActiveRecord: 0.1ms | Allocations: 3350)


Started GET "/articles" for ::1 at 2023-07-06 11:05:35 +0300
Processing by ArticlesController#index as HTML
  Rendering layout layouts/application.html.erb
  Rendering articles/index.html.erb within layouts/application
  [1m[36mArticle Load (0.1ms)[0m  [1m[34mSELECT "articles".* FROM "articles"[0m
  ↳ app/views/articles/index.html.erb:6
  Rendered articles/_article.html.erb (Duration: 0.1ms | Allocations: 20)
  Rendered articles/index.html.erb within layouts/application (Duration: 1.7ms | Allocations: 933)
  Rendered layout layouts/application.html.erb (Duration: 4.8ms | Allocations: 3038)
Completed 200 OK in 6ms (Views: 5.1ms | ActiveRecord: 0.1ms | Allocations: 3307)


